[0220/185733.382:WARNING:dns_config_service_win.cc(661)] Failed to read DnsConfig.
[0220/185738.389:WARNING:dns_config_service_win.cc(661)] Failed to read DnsConfig.
[0220/185743.392:WARNING:dns_config_service_win.cc(661)] Failed to read DnsConfig.
[0220/185748.395:WARNING:dns_config_service_win.cc(661)] Failed to read DnsConfig.
[0220/185753.399:WARNING:dns_config_service_win.cc(661)] Failed to read DnsConfig.
[0220/185758.402:WARNING:dns_config_service_win.cc(661)] Failed to read DnsConfig.
[0220/185803.405:WARNING:dns_config_service_win.cc(661)] Failed to read DnsConfig.
[0220/185832.841:WARNING:spdy_session.cc(2910)] Received HEADERS for invalid stream 3
[0220/190744.488:WARNING:backend_impl.cc(1789)] Destroying invalid entry.
[0220/190744.748:WARNING:backend_impl.cc(1789)] Destroying invalid entry.
[0220/190745.452:WARNING:backend_impl.cc(1789)] Destroying invalid entry.
[0220/190745.504:WARNING:backend_impl.cc(1789)] Destroying invalid entry.
[0220/193311.902:WARNING:backend_impl.cc(1789)] Destroying invalid entry.
[0220/193615.643:ERROR:cache_storage_cache.cc(1450)] Cache size: 5361046 does not match size from index: 5359716
[0220/194248.493:WARNING:backend_impl.cc(1789)] Destroying invalid entry.
[0220/194248.500:WARNING:backend_impl.cc(1789)] Destroying invalid entry.
[0220/194248.646:WARNING:backend_impl.cc(1789)] Destroying invalid entry.
[0220/194248.733:WARNING:backend_impl.cc(1789)] Destroying invalid entry.
[0220/194311.896:WARNING:backend_impl.cc(1789)] Destroying invalid entry.
[0220/194538.153:ERROR:cache_storage_cache.cc(1450)] Cache size: 5395522 does not match size from index: 5394192
[0220/195600.553:ERROR:render_media_log.cc(30)] MediaEvent: MEDIA_ERROR_LOG_ENTRY {"error":"FFmpegDemuxer: open context failed"}
[0220/195600.553:ERROR:render_media_log.cc(30)] MediaEvent: PIPELINE_ERROR demuxer: could not open
